  ShaderLoader.cpp
h:\mds github\opengl\openglbasics\shaderloader.cpp(36): warning C4267: 'initializing': conversion from 'size_t' to 'int', possible loss of data
h:\mds github\opengl\openglbasics\shaderloader.cpp(36): warning C4267: 'initializing': conversion from 'size_t' to 'const int', possible loss of data
  main.cpp
  Generating Code...
main.obj : error LNK2019: unresolved external symbol __imp_glewInit referenced in function main
main.obj : error LNK2019: unresolved external symbol __imp_glutInitWindowPosition referenced in function main
main.obj : error LNK2019: unresolved external symbol __imp_glutInitWindowSize referenced in function main
main.obj : error LNK2019: unresolved external symbol __imp_glutInitDisplayMode referenced in function main
main.obj : error LNK2019: unresolved external symbol __imp_glutMainLoop referenced in function main
main.obj : error LNK2019: unresolved external symbol __imp_glutSwapBuffers referenced in function "void __cdecl render(void)" (?render@@YAXXZ)
main.obj : error LNK2019: unresolved external symbol __imp_glutDisplayFunc referenced in function main
main.obj : error LNK2019: unresolved external symbol __imp___glutInitWithExit referenced in function glutInit_ATEXIT_HACK
main.obj : error LNK2019: unresolved external symbol __imp___glutCreateWindowWithExit referenced in function glutCreateWindow_ATEXIT_HACK
main.obj : error LNK2001: unresolved external symbol __imp___glewUseProgram
ShaderLoader.obj : error LNK2001: unresolved external symbol __imp___glewAttachShader
ShaderLoader.obj : error LNK2001: unresolved external symbol __imp___glewCompileShader
ShaderLoader.obj : error LNK2001: unresolved external symbol __imp___glewCreateProgram
ShaderLoader.obj : error LNK2001: unresolved external symbol __imp___glewCreateShader
ShaderLoader.obj : error LNK2001: unresolved external symbol __imp___glewGetProgramInfoLog
ShaderLoader.obj : error LNK2001: unresolved external symbol __imp___glewGetProgramiv
ShaderLoader.obj : error LNK2001: unresolved external symbol __imp___glewGetShaderInfoLog
ShaderLoader.obj : error LNK2001: unresolved external symbol __imp___glewGetShaderiv
ShaderLoader.obj : error LNK2001: unresolved external symbol __imp___glewLinkProgram
ShaderLoader.obj : error LNK2001: unresolved external symbol __imp___glewShaderSource
H:\MDS GitHub\OpenGL\OpenGLBasics\\Dependencies\freeglut\freeglut.lib : warning LNK4272: library machine type 'x86' conflicts with target machine type 'x64'
H:\MDS GitHub\OpenGL\OpenGLBasics\\Dependencies\glew\glew32.lib : warning LNK4272: library machine type 'x86' conflicts with target machine type 'x64'
H:\MDS GitHub\OpenGL\OpenGLBasics\\Dependencies\freeglut\freeglutd.lib : warning LNK4272: library machine type 'x86' conflicts with target machine type 'x64'
H:\MDS GitHub\OpenGL\x64\Debug\OpenGLBasics.exe : fatal error LNK1120: 20 unresolved externals
